<?xml version="1.0" ?>
<coverage version="7.2.7" timestamp="1686500203964" lines-valid="0" lines-covered="0" line-rate="1" branches-covered="0" branches-valid="0" branch-rate="0" complexity="0">
	<!-- Generated by coverage.py: https://coverage.readthedocs.io/en/7.2.7 -->
	<!-- Based on https://raw.githubusercontent.com/cobertura/web/master/htdocs/xml/coverage-04.dtd -->
	<sources>
		<source>/home/runner/work/cvxmarkowitz/cvxmarkowitz/cvx</source>
	</sources>
	<packages>
		<package name="markowitz" line-rate="1" branch-rate="0" complexity="0">
			<classes>
				<class name="__init__.py" filename="markowitz/__init__.py" complexity="0" line-rate="1" branch-rate="0">
					<methods/>
					<lines/>
				</class>
			</classes>
		</package>
	</packages>
</coverage>
